{"/usr/src/app/helpers/index.js":{"path":"/usr/src/app/helpers/index.js","s":{"1":1,"2":1,"3":1,"4":1,"5":5,"6":5,"7":1,"8":0,"9":0,"10":1,"11":3,"12":1,"13":4,"14":4,"15":4,"16":1,"17":1,"18":1,"19":1,"20":0,"21":0,"22":0,"23":1,"24":4,"25":3,"26":1,"27":2,"28":1,"29":0,"30":0,"31":0,"32":0,"33":0,"34":0,"35":0,"36":0,"37":1},"b":{"1":[5,1],"2":[0,0],"3":[0,0],"4":[0,0],"5":[1,2],"6":[0,0],"7":[0,0],"8":[0,0],"9":[0,0]},"f":{"1":1,"2":5,"3":0,"4":3,"5":4,"6":1,"7":0,"8":4,"9":3,"10":0},"fnMap":{"1":{"name":"(anonymous_1)","line":1,"loc":{"start":{"line":1,"column":1},"end":{"line":1,"column":12}}},"2":{"name":"(anonymous_2)","line":15,"loc":{"start":{"line":15,"column":25},"end":{"line":15,"column":55}}},"3":{"name":"(anonymous_3)","line":25,"loc":{"start":{"line":25,"column":30},"end":{"line":25,"column":60}}},"4":{"name":"(anonymous_4)","line":32,"loc":{"start":{"line":32,"column":31},"end":{"line":32,"column":51}}},"5":{"name":"(anonymous_5)","line":42,"loc":{"start":{"line":42,"column":30},"end":{"line":42,"column":62}}},"6":{"name":"(anonymous_6)","line":49,"loc":{"start":{"line":49,"column":26},"end":{"line":49,"column":52}}},"7":{"name":"(anonymous_7)","line":55,"loc":{"start":{"line":55,"column":25},"end":{"line":55,"column":50}}},"8":{"name":"(anonymous_8)","line":78,"loc":{"start":{"line":78,"column":30},"end":{"line":78,"column":55}}},"9":{"name":"(anonymous_9)","line":79,"loc":{"start":{"line":79,"column":21},"end":{"line":79,"column":53}}},"10":{"name":"(anonymous_10)","line":86,"loc":{"start":{"line":86,"column":26},"end":{"line":86,"column":45}}}},"statementMap":{"1":{"start":{"line":1,"column":0},"end":{"line":106,"column":5}},"2":{"start":{"line":4,"column":2},"end":{"line":4,"column":35}},"3":{"start":{"line":5,"column":2},"end":{"line":5,"column":19}},"4":{"start":{"line":15,"column":2},"end":{"line":23,"column":4}},"5":{"start":{"line":16,"column":4},"end":{"line":19,"column":6}},"6":{"start":{"line":20,"column":4},"end":{"line":22,"column":16}},"7":{"start":{"line":25,"column":2},"end":{"line":29,"column":4}},"8":{"start":{"line":26,"column":4},"end":{"line":28,"column":5}},"9":{"start":{"line":27,"column":6},"end":{"line":27,"column":36}},"10":{"start":{"line":32,"column":2},"end":{"line":34,"column":3}},"11":{"start":{"line":33,"column":4},"end":{"line":33,"column":46}},"12":{"start":{"line":42,"column":2},"end":{"line":46,"column":3}},"13":{"start":{"line":43,"column":4},"end":{"line":43,"column":32}},"14":{"start":{"line":44,"column":4},"end":{"line":44,"column":20}},"15":{"start":{"line":45,"column":4},"end":{"line":45,"column":14}},"16":{"start":{"line":49,"column":2},"end":{"line":52,"column":3}},"17":{"start":{"line":50,"column":4},"end":{"line":50,"column":32}},"18":{"start":{"line":51,"column":4},"end":{"line":51,"column":14}},"19":{"start":{"line":55,"column":2},"end":{"line":60,"column":3}},"20":{"start":{"line":56,"column":3},"end":{"line":59,"column":14}},"21":{"start":{"line":57,"column":7},"end":{"line":57,"column":47}},"22":{"start":{"line":59,"column":7},"end":{"line":59,"column":14}},"23":{"start":{"line":78,"column":2},"end":{"line":83,"column":3}},"24":{"start":{"line":79,"column":4},"end":{"line":82,"column":24}},"25":{"start":{"line":80,"column":6},"end":{"line":80,"column":36}},"26":{"start":{"line":80,"column":17},"end":{"line":80,"column":36}},"27":{"start":{"line":81,"column":6},"end":{"line":81,"column":44}},"28":{"start":{"line":86,"column":2},"end":{"line":104,"column":3}},"29":{"start":{"line":88,"column":4},"end":{"line":88,"column":42}},"30":{"start":{"line":91,"column":4},"end":{"line":93,"column":5}},"31":{"start":{"line":92,"column":6},"end":{"line":92,"column":30}},"32":{"start":{"line":95,"column":4},"end":{"line":101,"column":5}},"33":{"start":{"line":96,"column":6},"end":{"line":98,"column":7}},"34":{"start":{"line":97,"column":8},"end":{"line":97,"column":47}},"35":{"start":{"line":100,"column":6},"end":{"line":100,"column":28}},"36":{"start":{"line":103,"column":4},"end":{"line":103,"column":34}},"37":{"start":{"line":105,"column":2},"end":{"line":105,"column":27}}},"branchMap":{"1":{"line":21,"type":"binary-expr","locations":[{"start":{"line":21,"column":13},"end":{"line":21,"column":23}},{"start":{"line":21,"column":27},"end":{"line":21,"column":30}}]},"2":{"line":26,"type":"if","locations":[{"start":{"line":26,"column":4},"end":{"line":26,"column":4}},{"start":{"line":26,"column":4},"end":{"line":26,"column":4}}]},"3":{"line":56,"type":"if","locations":[{"start":{"line":56,"column":3},"end":{"line":56,"column":3}},{"start":{"line":56,"column":3},"end":{"line":56,"column":3}}]},"4":{"line":56,"type":"binary-expr","locations":[{"start":{"line":56,"column":6},"end":{"line":56,"column":31}},{"start":{"line":56,"column":35},"end":{"line":56,"column":53}}]},"5":{"line":80,"type":"if","locations":[{"start":{"line":80,"column":6},"end":{"line":80,"column":6}},{"start":{"line":80,"column":6},"end":{"line":80,"column":6}}]},"6":{"line":91,"type":"if","locations":[{"start":{"line":91,"column":4},"end":{"line":91,"column":4}},{"start":{"line":91,"column":4},"end":{"line":91,"column":4}}]},"7":{"line":91,"type":"binary-expr","locations":[{"start":{"line":91,"column":8},"end":{"line":91,"column":28}},{"start":{"line":91,"column":32},"end":{"line":91,"column":56}}]},"8":{"line":95,"type":"if","locations":[{"start":{"line":95,"column":4},"end":{"line":95,"column":4}},{"start":{"line":95,"column":4},"end":{"line":95,"column":4}}]},"9":{"line":96,"type":"if","locations":[{"start":{"line":96,"column":6},"end":{"line":96,"column":6}},{"start":{"line":96,"column":6},"end":{"line":96,"column":6}}]}}},"/usr/src/app/api/endpoints.js":{"path":"/usr/src/app/api/endpoints.js","s":{"1":1,"2":1,"3":1,"4":1,"5":4,"6":4,"7":0,"8":0,"9":0,"10":1},"b":{"1":[0,4],"2":[0,0]},"f":{"1":1,"2":4},"fnMap":{"1":{"name":"(anonymous_1)","line":1,"loc":{"start":{"line":1,"column":1},"end":{"line":1,"column":12}}},"2":{"name":"(anonymous_2)","line":7,"loc":{"start":{"line":7,"column":23},"end":{"line":7,"column":52}}}},"statementMap":{"1":{"start":{"line":1,"column":0},"end":{"line":28,"column":5}},"2":{"start":{"line":4,"column":2},"end":{"line":4,"column":29}},"3":{"start":{"line":6,"column":2},"end":{"line":6,"column":18}},"4":{"start":{"line":7,"column":2},"end":{"line":15,"column":5}},"5":{"start":{"line":8,"column":4},"end":{"line":8,"column":29}},"6":{"start":{"line":9,"column":4},"end":{"line":14,"column":5}},"7":{"start":{"line":10,"column":6},"end":{"line":13,"column":7}},"8":{"start":{"line":11,"column":8},"end":{"line":11,"column":30}},"9":{"start":{"line":12,"column":8},"end":{"line":12,"column":50}},"10":{"start":{"line":17,"column":2},"end":{"line":27,"column":4}}},"branchMap":{"1":{"line":9,"type":"if","locations":[{"start":{"line":9,"column":4},"end":{"line":9,"column":4}},{"start":{"line":9,"column":4},"end":{"line":9,"column":4}}]},"2":{"line":10,"type":"if","locations":[{"start":{"line":10,"column":6},"end":{"line":10,"column":6}},{"start":{"line":10,"column":6},"end":{"line":10,"column":6}}]}}}}