TN:
SF:/usr/src/app/helpers/index.js
FN:1,(anonymous_1)
FN:15,(anonymous_2)
FN:25,(anonymous_3)
FN:32,(anonymous_4)
FN:42,(anonymous_5)
FN:49,(anonymous_6)
FN:55,(anonymous_7)
FN:78,(anonymous_8)
FN:79,(anonymous_9)
FN:86,(anonymous_10)
FNF:10
FNH:7
FNDA:1,(anonymous_1)
FNDA:5,(anonymous_2)
FNDA:0,(anonymous_3)
FNDA:3,(anonymous_4)
FNDA:4,(anonymous_5)
FNDA:1,(anonymous_6)
FNDA:0,(anonymous_7)
FNDA:4,(anonymous_8)
FNDA:3,(anonymous_9)
FNDA:0,(anonymous_10)
DA:1,1
DA:4,1
DA:5,1
DA:15,1
DA:16,5
DA:20,5
DA:25,1
DA:26,0
DA:27,0
DA:32,1
DA:33,3
DA:42,1
DA:43,4
DA:44,4
DA:45,4
DA:49,1
DA:50,1
DA:51,1
DA:55,1
DA:56,0
DA:57,0
DA:59,0
DA:78,1
DA:79,4
DA:80,3
DA:81,2
DA:86,1
DA:88,0
DA:91,0
DA:92,0
DA:95,0
DA:96,0
DA:97,0
DA:100,0
DA:103,0
DA:105,1
LF:36
LH:23
BRDA:21,1,0,5
BRDA:21,1,1,1
BRDA:26,2,0,0
BRDA:26,2,1,0
BRDA:56,3,0,0
BRDA:56,3,1,0
BRDA:56,4,0,0
BRDA:56,4,1,0
BRDA:80,5,0,1
BRDA:80,5,1,2
BRDA:91,6,0,0
BRDA:91,6,1,0
BRDA:91,7,0,0
BRDA:91,7,1,0
BRDA:95,8,0,0
BRDA:95,8,1,0
BRDA:96,9,0,0
BRDA:96,9,1,0
BRF:18
BRH:4
end_of_record
TN:
SF:/usr/src/app/api/endpoints.js
FN:1,(anonymous_1)
FN:7,(anonymous_2)
FNF:2
FNH:2
FNDA:1,(anonymous_1)
FNDA:4,(anonymous_2)
DA:1,1
DA:4,1
DA:6,1
DA:7,1
DA:8,4
DA:9,4
DA:10,0
DA:11,0
DA:12,0
DA:17,1
LF:10
LH:7
BRDA:9,1,0,0
BRDA:9,1,1,4
BRDA:10,2,0,0
BRDA:10,2,1,0
BRF:4
BRH:1
end_of_record
